<?xml version="1.0" encoding="UTF-8"?>
<!-- Generated by org.testng.reporters.JUnitReportReporter -->
<testsuite skipped="0" hostname="GYANESH-PC" name="com.freeCRM.PropertiesLogin" tests="1" failures="0" timestamp="19 Mar 2019 12:39:08 GMT" time="50.512" errors="0">
  <testcase name="loginTest" time="50.512" classname="com.freeCRM.PropertiesLogin"/>
</testsuite> <!-- com.freeCRM.PropertiesLogin -->
