<?xml version="1.0" encoding="UTF-8"?>
<!-- Generated by org.testng.reporters.JUnitReportReporter -->
<testsuite skipped="0" hostname="GYANESH-PC" name="com.freeCRM.DataProviderClass" tests="2" failures="0" timestamp="30 Mar 2019 13:01:24 GMT" time="0.029" errors="0">
  <testcase name="loginTest" time="0.002" classname="com.freeCRM.DataProviderClass"/>
  <testcase name="loginTest" time="0.027" classname="com.freeCRM.DataProviderClass"/>
</testsuite> <!-- com.freeCRM.DataProviderClass -->
