<?xml version="1.0" encoding="UTF-8"?>
<!-- Generated by org.testng.reporters.JUnitReportReporter -->
<testsuite skipped="0" hostname="GYANESH-PC" name="com.freeCRM.ExtentReportDemo" tests="1" failures="0" timestamp="04 Apr 2019 19:43:45 GMT" time="0.749" errors="0">
  <testcase name="loginTest" time="0.749" classname="com.freeCRM.ExtentReportDemo"/>
</testsuite> <!-- com.freeCRM.ExtentReportDemo -->
