<?xml version="1.0" encoding="UTF-8"?>
<!-- Generated by org.testng.reporters.JUnitReportReporter -->
<testsuite skipped="0" hostname="GYANESH-PC" name="com.freeCRM.ClickOnContact" tests="1" failures="0" timestamp="24 Mar 2019 14:54:28 GMT" time="53.401" errors="0">
  <testcase name="loginTest" time="53.401" classname="com.freeCRM.ClickOnContact"/>
</testsuite> <!-- com.freeCRM.ClickOnContact -->
