<?xml version="1.0" encoding="UTF-8"?>
<!-- Generated by org.testng.reporters.JUnitReportReporter -->
<testsuite skipped="0" hostname="GYANESH-PC" name="com.freeCRM.FreeCrmLoginTest" tests="1" failures="0" timestamp="16 Mar 2019 08:16:43 GMT" time="10.689" errors="0">
  <testcase name="loginPageTitleTest" time="10.689" classname="com.freeCRM.FreeCrmLoginTest"/>
</testsuite> <!-- com.freeCRM.FreeCrmLoginTest -->
